I'm sending the message!
Received a message
Beep boop! Something in sockfd2
ICMP received
I need more hops!!
I'm sending the message!
Received a message
Beep boop! Something in sockfd2
ICMP received
I need more hops!!
I'm sending the message!
Received a message
Beep boop! Something in sockfd2
ICMP received
I need more hops!!
I'm sending the message!
Received a message
Beep boop! Something in sockfd2
ICMP received
I need more hops!!
I'm sending the message!
Received a message
Beep boop! Something in sockfd2
ICMP received
I need more hops!!
I'm sending the message!
Received a message
Beep boop! Something in sockfd2
ICMP received
I need more hops!!
I'm sending the message!
Received a message
Beep boop! Something in sockfd2
ICMP received
I need more hops!!
I'm sending the message!
Received a message
Beep boop! Something in sockfd2
ICMP received
I need more hops!!
I'm sending the message!
Received a message
Beep boop! Something in sockfd2
ICMP received
I need more hops!!
I'm sending the message!
Received a message
Beep boop! Something in sockfd2
ICMP received
I need more hops!!
I'm sending the message!
Received a message
Beep boop! Something in sockfd2
ICMP received
I need more hops!!
I'm sending the message!
Received a message
Beep boop! Something in sockfd2
ICMP received
I need more hops!!
I'm sending the message!
Received a message
Beep boop! Something in sockfd2
ICMP received
I need more hops!!
I'm sending the message!
Received a message
Beep boop! Something in sockfd2
ICMP received
I need more hops!!
I'm sending the message!
Received a message
Beep boop! Something in sockfd2
ICMP received
I need more hops!!
